platforms/android/build/outputs/logs/manifest-merger-debug-report.txt
-- Merging decision tree log ---
manifest
ADDED from platforms\android\AndroidManifest.xml:2:1-30:12
	package
		ADDED from platforms\android\AndroidManifest.xml:2:100-137
		INJECTED from platforms\android\AndroidManifest.xml
		INJECTED from platforms\android\AndroidManifest.xml
	android:versionName
		ADDED from platforms\android\AndroidManifest.xml:2:72-99
		INJECTED from platforms\android\AndroidManifest.xml
		INJECTED from platforms\android\AndroidManifest.xml
	android:hardwareAccelerated
		ADDED from platforms\android\AndroidManifest.xml:2:11-45
	android:versionCode
		ADDED from platforms\android\AndroidManifest.xml:2:46-71
		INJECTED from platforms\android\AndroidManifest.xml
		INJECTED from platforms\android\AndroidManifest.xml
	xmlns:android
		ADDED from platforms\android\AndroidManifest.xml:2:138-196
supports-screens
ADDED from platforms\android\AndroidManifest.xml:3:5-191
	android:largeScreens
		ADDED from platforms\android\AndroidManifest.xml:3:49-76
	android:smallScreens
		ADDED from platforms\android\AndroidManifest.xml:3:132-159
	android:normalScreens
		ADDED from platforms\android\AndroidManifest.xml:3:77-105
	android:xlargeScreens
		ADDED from platforms\android\AndroidManifest.xml:3:160-188
	android:resizeable
		ADDED from platforms\android\AndroidManifest.xml:3:106-131
	android:anyDensity
		ADDED from platforms\android\AndroidManifest.xml:3:23-48
uses-permission#android.permission.INTERNET
ADDED from platforms\android\AndroidManifest.xml:4:5-67
MERGED from [com.google.firebase:firebase-analytics:11.0.1] AndroidManifest.xml:20:5-66
MERGED from [com.google.firebase:firebase-analytics-impl:11.0.1] AndroidManifest.xml:20:5-66
MERGED from [com.google.firebase:firebase-iid:11.0.1] AndroidManifest.xml:20:5-66
	android:name
		ADDED from platforms\android\AndroidManifest.xml:4:22-64
application
ADDED from platforms\android\AndroidManifest.xml:5:5-25:19
MERGED from [com.android.support:support-v13:25.1.0] AndroidManifest.xml:25:5-20
MERGED from [com.google.firebase:firebase-messaging:11.0.1] AndroidManifest.xml:19:5-29:19
MERGED from [com.google.firebase:firebase-core:11.0.1] AndroidManifest.xml:5:5-20
MERGED from [com.google.firebase:firebase-analytics:11.0.1] AndroidManifest.xml:24:5-34:19
MERGED from [com.google.firebase:firebase-analytics-impl:11.0.1] AndroidManifest.xml:24:5-28:19
MERGED from [com.google.firebase:firebase-iid:11.0.1] AndroidManifest.xml:28:5-49:19
MERGED from [com.google.firebase:firebase-common:11.0.1] AndroidManifest.xml:4:5-7:19
MERGED from [com.google.android.gms:play-services-tasks:11.0.1] AndroidManifest.xml:4:5-19
MERGED from [com.google.android.gms:play-services-basement:11.0.1] AndroidManifest.xml:19:5-21:19
MERGED from [com.android.support:support-v4:25.2.0] AndroidManifest.xml:25:5-20
MERGED from [com.android.support:support-fragment:25.2.0] AndroidManifest.xml:25:5-20
MERGED from [com.android.support:support-media-compat:25.2.0] AndroidManifest.xml:25:5-20
MERGED from [com.android.support:support-core-ui:25.2.0] AndroidManifest.xml:25:5-20
MERGED from [com.android.support:support-core-utils:25.2.0] AndroidManifest.xml:25:5-20
MERGED from [com.android.support:support-compat:25.2.0] AndroidManifest.xml:25:5-20
	android:label
		ADDED from platforms\android\AndroidManifest.xml:5:81-113
	android:supportsRtl
		ADDED from platforms\android\AndroidManifest.xml:5:114-140
	android:hardwareAccelerated
		ADDED from platforms\android\AndroidManifest.xml:5:18-52
	android:icon
		ADDED from platforms\android\AndroidManifest.xml:5:53-80
activity#com.ideahubsolutionsinc.epx.MainActivity
ADDED from platforms\android\AndroidManifest.xml:6:9-11:20
	android:screenOrientation
		ADDED from platforms\android\AndroidManifest.xml:6:194-230
	android:label
		ADDED from platforms\android\AndroidManifest.xml:6:97-134
	android:launchMode
		ADDED from platforms\android\AndroidManifest.xml:6:135-165
	android:windowSoftInputMode
		ADDED from platforms\android\AndroidManifest.xml:6:294-336
	android:configChanges
		ADDED from platforms\android\AndroidManifest.xml:6:19-96
	android:theme
		ADDED from platforms\android\AndroidManifest.xml:6:231-293
	android:name
		ADDED from platforms\android\AndroidManifest.xml:6:166-193
intent-filter#android.intent.action.MAIN+android.intent.category.LAUNCHER
ADDED from platforms\android\AndroidManifest.xml:7:13-10:29
	android:label
		ADDED from platforms\android\AndroidManifest.xml:7:28-65
action#android.intent.action.MAIN
ADDED from platforms\android\AndroidManifest.xml:8:17-69
	android:name
		ADDED from platforms\android\AndroidManifest.xml:8:25-66
category#android.intent.category.LAUNCHER
ADDED from platforms\android\AndroidManifest.xml:9:17-77
	android:name
		ADDED from platforms\android\AndroidManifest.xml:9:27-74
activity#com.adobe.phonegap.push.PushHandlerActivity
ADDED from platforms\android\AndroidManifest.xml:12:9-173
	android:exported
		ADDED from platforms\android\AndroidManifest.xml:12:19-42
	android:permission
		ADDED from platforms\android\AndroidManifest.xml:12:102-170
		INJECTED from platforms\android\AndroidManifest.xml
	android:name
		ADDED from platforms\android\AndroidManifest.xml:12:43-101
receiver#com.adobe.phonegap.push.BackgroundActionButtonHandler
ADDED from platforms\android\AndroidManifest.xml:13:9-90
	android:name
		ADDED from platforms\android\AndroidManifest.xml:13:19-87
receiver#com.adobe.phonegap.push.PushDismissedHandler
ADDED from platforms\android\AndroidManifest.xml:14:9-81
	android:name
		ADDED from platforms\android\AndroidManifest.xml:14:19-78
service#com.adobe.phonegap.push.FCMService
ADDED from platforms\android\AndroidManifest.xml:15:9-19:19
	android:name
		ADDED from platforms\android\AndroidManifest.xml:15:18-67
intent-filter#com.google.firebase.MESSAGING_EVENT
ADDED from platforms\android\AndroidManifest.xml:16:13-18:29
action#com.google.firebase.MESSAGING_EVENT
ADDED from platforms\android\AndroidManifest.xml:17:17-78
	android:name
		ADDED from platforms\android\AndroidManifest.xml:17:25-75
service#com.adobe.phonegap.push.PushInstanceIDListenerService
ADDED from platforms\android\AndroidManifest.xml:20:9-24:19
	android:name
		ADDED from platforms\android\AndroidManifest.xml:20:18-86
intent-filter#com.google.firebase.INSTANCE_ID_EVENT
ADDED from platforms\android\AndroidManifest.xml:21:13-23:29
action#com.google.firebase.INSTANCE_ID_EVENT
ADDED from platforms\android\AndroidManifest.xml:22:17-80
	android:name
		ADDED from platforms\android\AndroidManifest.xml:22:25-77
uses-sdk
ADDED from platforms\android\AndroidManifest.xml:26:5-74
MERGED from [com.android.support:multidex:1.0.1] AndroidManifest.xml:18:5-42
MERGED from [com.android.support:support-v13:25.1.0] AndroidManifest.xml:21:5-23:55
MERGED from [me.leolin:ShortcutBadger:1.1.17] AndroidManifest.xml:7:5-9:41
MERGED from [com.google.firebase:firebase-messaging:11.0.1] AndroidManifest.xml:17:5-43
MERGED from [com.google.firebase:firebase-core:11.0.1] AndroidManifest.xml:4:5-43
MERGED from [com.google.firebase:firebase-analytics:11.0.1] AndroidManifest.xml:17:5-43
MERGED from [com.google.firebase:firebase-analytics-impl:11.0.1] AndroidManifest.xml:17:5-43
MERGED from [com.google.firebase:firebase-iid:11.0.1] AndroidManifest.xml:17:5-43
MERGED from [com.google.firebase:firebase-common:11.0.1] AndroidManifest.xml:3:5-43
MERGED from [com.google.android.gms:play-services-tasks:11.0.1] AndroidManifest.xml:3:5-43
MERGED from [com.google.android.gms:play-services-basement:11.0.1] AndroidManifest.xml:17:5-43
MERGED from [com.android.support:support-v4:25.2.0] AndroidManifest.xml:21:5-23:54
MERGED from [com.android.support:support-fragment:25.2.0] AndroidManifest.xml:21:5-23:60
MERGED from [com.android.support:support-media-compat:25.2.0] AndroidManifest.xml:21:5-23:63
MERGED from [com.android.support:support-core-ui:25.2.0] AndroidManifest.xml:21:5-23:58
MERGED from [com.android.support:support-core-utils:25.2.0] AndroidManifest.xml:21:5-23:61
MERGED from [com.android.support:support-compat:25.2.0] AndroidManifest.xml:21:5-23:58
MERGED from [org.apache.cordova:CordovaLib:6.2.3:debug] AndroidManifest.xml:25:5-44
	tools:overrideLibrary
		ADDED from [com.android.support:support-v13:25.1.0] AndroidManifest.xml:23:9-52
	android:targetSdkVersion
		ADDED from platforms\android\AndroidManifest.xml:26:42-71
	android:minSdkVersion
		ADDED from platforms\android\AndroidManifest.xml:26:15-41
uses-permission#android.permission.ACCESS_NETWORK_STATE
ADDED from platforms\android\AndroidManifest.xml:27:5-79
MERGED from [com.google.firebase:firebase-analytics:11.0.1] AndroidManifest.xml:21:5-78
MERGED from [com.google.firebase:firebase-analytics-impl:11.0.1] AndroidManifest.xml:21:5-78
MERGED from [com.google.firebase:firebase-iid:11.0.1] AndroidManifest.xml:19:5-78
	android:name
		ADDED from platforms\android\AndroidManifest.xml:27:22-76
uses-permission#android.permission.WAKE_LOCK
ADDED from platforms\android\AndroidManifest.xml:28:5-68
MERGED from [com.google.firebase:firebase-analytics:11.0.1] AndroidManifest.xml:22:5-67
MERGED from [com.google.firebase:firebase-analytics-impl:11.0.1] AndroidManifest.xml:22:5-67
MERGED from [com.google.firebase:firebase-iid:11.0.1] AndroidManifest.xml:21:5-67
	android:name
		ADDED from platforms\android\AndroidManifest.xml:28:22-65
uses-permission#android.permission.VIBRATE
ADDED from platforms\android\AndroidManifest.xml:29:5-66
	android:name
		ADDED from platforms\android\AndroidManifest.xml:29:22-63
uses-permission#com.sec.android.provider.badge.permission.READ
ADDED from [me.leolin:ShortcutBadger:1.1.17] AndroidManifest.xml:19:5-86
	android:name
		ADDED from [me.leolin:ShortcutBadger:1.1.17] AndroidManifest.xml:19:22-83
uses-permission#com.sec.android.provider.badge.permission.WRITE
ADDED from [me.leolin:ShortcutBadger:1.1.17] AndroidManifest.xml:20:5-87
	android:name
		ADDED from [me.leolin:ShortcutBadger:1.1.17] AndroidManifest.xml:20:22-84
uses-permission#com.htc.launcher.permission.READ_SETTINGS
ADDED from [me.leolin:ShortcutBadger:1.1.17] AndroidManifest.xml:23:5-81
	android:name
		ADDED from [me.leolin:ShortcutBadger:1.1.17] AndroidManifest.xml:23:22-78
uses-permission#com.htc.launcher.permission.UPDATE_SHORTCUT
ADDED from [me.leolin:ShortcutBadger:1.1.17] AndroidManifest.xml:24:5-83
	android:name
		ADDED from [me.leolin:ShortcutBadger:1.1.17] AndroidManifest.xml:24:22-80
uses-permission#com.sonyericsson.home.permission.BROADCAST_BADGE
ADDED from [me.leolin:ShortcutBadger:1.1.17] AndroidManifest.xml:27:5-88
	android:name
		ADDED from [me.leolin:ShortcutBadger:1.1.17] AndroidManifest.xml:27:22-85
uses-permission#com.sonymobile.home.permission.PROVIDER_INSERT_BADGE
ADDED from [me.leolin:ShortcutBadger:1.1.17] AndroidManifest.xml:28:5-92
	android:name
		ADDED from [me.leolin:ShortcutBadger:1.1.17] AndroidManifest.xml:28:22-89
uses-permission#com.anddoes.launcher.permission.UPDATE_COUNT
ADDED from [me.leolin:ShortcutBadger:1.1.17] AndroidManifest.xml:31:5-84
	android:name
		ADDED from [me.leolin:ShortcutBadger:1.1.17] AndroidManifest.xml:31:22-81
uses-permission#com.majeur.launcher.permission.UPDATE_BADGE
ADDED from [me.leolin:ShortcutBadger:1.1.17] AndroidManifest.xml:34:5-83
	android:name
		ADDED from [me.leolin:ShortcutBadger:1.1.17] AndroidManifest.xml:34:22-80
uses-permission#com.huawei.android.launcher.permission.CHANGE_BADGE
ADDED from [me.leolin:ShortcutBadger:1.1.17] AndroidManifest.xml:37:5-91
	android:name
		ADDED from [me.leolin:ShortcutBadger:1.1.17] AndroidManifest.xml:37:22-88
uses-permission#com.huawei.android.launcher.permission.READ_SETTINGS
ADDED from [me.leolin:ShortcutBadger:1.1.17] AndroidManifest.xml:38:5-92
	android:name
		ADDED from [me.leolin:ShortcutBadger:1.1.17] AndroidManifest.xml:38:22-89
uses-permission#com.huawei.android.launcher.permission.WRITE_SETTINGS
ADDED from [me.leolin:ShortcutBadger:1.1.17] AndroidManifest.xml:39:5-93
	android:name
		ADDED from [me.leolin:ShortcutBadger:1.1.17] AndroidManifest.xml:39:22-90
uses-permission#android.permission.READ_APP_BADGE
ADDED from [me.leolin:ShortcutBadger:1.1.17] AndroidManifest.xml:42:5-73
	android:name
		ADDED from [me.leolin:ShortcutBadger:1.1.17] AndroidManifest.xml:42:22-70
uses-permission#com.oppo.launcher.permission.READ_SETTINGS
ADDED from [me.leolin:ShortcutBadger:1.1.17] AndroidManifest.xml:45:5-82
	android:name
		ADDED from [me.leolin:ShortcutBadger:1.1.17] AndroidManifest.xml:45:22-79
uses-permission#com.oppo.launcher.permission.WRITE_SETTINGS
ADDED from [me.leolin:ShortcutBadger:1.1.17] AndroidManifest.xml:46:5-83
	android:name
		ADDED from [me.leolin:ShortcutBadger:1.1.17] AndroidManifest.xml:46:22-80
uses-permission#me.everything.badger.permission.BADGE_COUNT_READ
ADDED from [me.leolin:ShortcutBadger:1.1.17] AndroidManifest.xml:49:5-88
	android:name
		ADDED from [me.leolin:ShortcutBadger:1.1.17] AndroidManifest.xml:49:22-85
uses-permission#me.everything.badger.permission.BADGE_COUNT_WRITE
ADDED from [me.leolin:ShortcutBadger:1.1.17] AndroidManifest.xml:50:5-89
	android:name
		ADDED from [me.leolin:ShortcutBadger:1.1.17] AndroidManifest.xml:50:22-86
service#com.google.firebase.messaging.FirebaseMessagingService
ADDED from [com.google.firebase:firebase-messaging:11.0.1] AndroidManifest.xml:23:9-27:19
	android:exported
		ADDED from [com.google.firebase:firebase-messaging:11.0.1] AndroidManifest.xml:23:88-111
	android:name
		ADDED from [com.google.firebase:firebase-messaging:11.0.1] AndroidManifest.xml:23:18-87
receiver#com.google.android.gms.measurement.AppMeasurementReceiver
ADDED from [com.google.firebase:firebase-analytics:11.0.1] AndroidManifest.xml:25:7-26:18
MERGED from [com.google.firebase:firebase-analytics-impl:11.0.1] AndroidManifest.xml:25:7-26:18
	android:enabled
		ADDED from [com.google.firebase:firebase-analytics:11.0.1] AndroidManifest.xml:25:90-112
	android:exported
		ADDED from [com.google.firebase:firebase-analytics:11.0.1] AndroidManifest.xml:25:113-137
	android:name
		ADDED from [com.google.firebase:firebase-analytics:11.0.1] AndroidManifest.xml:25:17-89
receiver#com.google.android.gms.measurement.AppMeasurementInstallReferrerReceiver
ADDED from [com.google.firebase:firebase-analytics:11.0.1] AndroidManifest.xml:27:7-31:18
	android:enabled
		ADDED from [com.google.firebase:firebase-analytics:11.0.1] AndroidManifest.xml:27:162-184
	android:exported
		ADDED from [com.google.firebase:firebase-analytics:11.0.1] AndroidManifest.xml:27:185-208
	android:permission
		ADDED from [com.google.firebase:firebase-analytics:11.0.1] AndroidManifest.xml:27:105-161
	android:name
		ADDED from [com.google.firebase:firebase-analytics:11.0.1] AndroidManifest.xml:27:17-104
intent-filter#com.android.vending.INSTALL_REFERRER
ADDED from [com.google.firebase:firebase-analytics:11.0.1] AndroidManifest.xml:28:11-30:27
action#com.android.vending.INSTALL_REFERRER
ADDED from [com.google.firebase:firebase-analytics:11.0.1] AndroidManifest.xml:29:15-76
	android:name
		ADDED from [com.google.firebase:firebase-analytics:11.0.1] AndroidManifest.xml:29:23-74
service#com.google.android.gms.measurement.AppMeasurementService
ADDED from [com.google.firebase:firebase-analytics:11.0.1] AndroidManifest.xml:32:7-137
MERGED from [com.google.firebase:firebase-analytics-impl:11.0.1] AndroidManifest.xml:27:7-137
	android:enabled
		ADDED from [com.google.firebase:firebase-analytics:11.0.1] AndroidManifest.xml:32:88-110
	android:exported
		ADDED from [com.google.firebase:firebase-analytics:11.0.1] AndroidManifest.xml:32:111-135
	android:name
		ADDED from [com.google.firebase:firebase-analytics:11.0.1] AndroidManifest.xml:32:16-87
service#com.google.android.gms.measurement.AppMeasurementJobService
ADDED from [com.google.firebase:firebase-analytics:11.0.1] AndroidManifest.xml:33:7-197
	android:enabled
		ADDED from [com.google.firebase:firebase-analytics:11.0.1] AndroidManifest.xml:33:148-170
	android:exported
		ADDED from [com.google.firebase:firebase-analytics:11.0.1] AndroidManifest.xml:33:171-195
	android:permission
		ADDED from [com.google.firebase:firebase-analytics:11.0.1] AndroidManifest.xml:33:91-147
	android:name
		ADDED from [com.google.firebase:firebase-analytics:11.0.1] AndroidManifest.xml:33:16-90
uses-permission#com.google.android.c2dm.permission.RECEIVE
ADDED from [com.google.firebase:firebase-iid:11.0.1] AndroidManifest.xml:22:5-81
	android:name
		ADDED from [com.google.firebase:firebase-iid:11.0.1] AndroidManifest.xml:22:22-79
permission#${applicationId}.permission.C2D_MESSAGE
ADDED from [com.google.firebase:firebase-iid:11.0.1] AndroidManifest.xml:24:5-109
	android:protectionLevel
		ADDED from [com.google.firebase:firebase-iid:11.0.1] AndroidManifest.xml:24:72-107
	android:name
		ADDED from [com.google.firebase:firebase-iid:11.0.1] AndroidManifest.xml:24:17-71
uses-permission#${applicationId}.permission.C2D_MESSAGE
ADDED from [com.google.firebase:firebase-iid:11.0.1] AndroidManifest.xml:26:5-78
	android:name
		ADDED from [com.google.firebase:firebase-iid:11.0.1] AndroidManifest.xml:26:22-76
receiver#com.google.firebase.iid.FirebaseInstanceIdReceiver
ADDED from [com.google.firebase:firebase-iid:11.0.1] AndroidManifest.xml:30:9-35:20
	android:exported
		ADDED from [com.google.firebase:firebase-iid:11.0.1] AndroidManifest.xml:30:85-108
	android:permission
		ADDED from [com.google.firebase:firebase-iid:11.0.1] AndroidManifest.xml:30:109-169
	android:name
		ADDED from [com.google.firebase:firebase-iid:11.0.1] AndroidManifest.xml:30:19-84
intent-filter#${applicationId}+com.google.android.c2dm.intent.RECEIVE
ADDED from [com.google.firebase:firebase-iid:11.0.1] AndroidManifest.xml:31:13-34:29
action#com.google.android.c2dm.intent.RECEIVE
ADDED from [com.google.firebase:firebase-iid:11.0.1] AndroidManifest.xml:32:17-80
	android:name
		ADDED from [com.google.firebase:firebase-iid:11.0.1] AndroidManifest.xml:32:25-78
category#${applicationId}
ADDED from [com.google.firebase:firebase-iid:11.0.1] AndroidManifest.xml:33:17-60
	android:name
		ADDED from [com.google.firebase:firebase-iid:11.0.1] AndroidManifest.xml:33:27-58
receiver#com.google.firebase.iid.FirebaseInstanceIdInternalReceiver
ADDED from [com.google.firebase:firebase-iid:11.0.1] AndroidManifest.xml:39:9-119
	android:exported
		ADDED from [com.google.firebase:firebase-iid:11.0.1] AndroidManifest.xml:39:93-117
	android:name
		ADDED from [com.google.firebase:firebase-iid:11.0.1] AndroidManifest.xml:39:19-92
service#com.google.firebase.iid.FirebaseInstanceIdService
ADDED from [com.google.firebase:firebase-iid:11.0.1] AndroidManifest.xml:43:9-47:19
	android:exported
		ADDED from [com.google.firebase:firebase-iid:11.0.1] AndroidManifest.xml:43:83-106
	android:name
		ADDED from [com.google.firebase:firebase-iid:11.0.1] AndroidManifest.xml:43:18-82
provider#com.google.firebase.provider.FirebaseInitProvider
ADDED from [com.google.firebase:firebase-common:11.0.1] AndroidManifest.xml:6:9-194
	android:authorities
		ADDED from [com.google.firebase:firebase-common:11.0.1] AndroidManifest.xml:6:19-78
	android:exported
		ADDED from [com.google.firebase:firebase-common:11.0.1] AndroidManifest.xml:6:144-168
	android:initOrder
		ADDED from [com.google.firebase:firebase-common:11.0.1] AndroidManifest.xml:6:169-192
	android:name
		ADDED from [com.google.firebase:firebase-common:11.0.1] AndroidManifest.xml:6:79-143
meta-data#com.google.android.gms.version
ADDED from [com.google.android.gms:play-services-basement:11.0.1] AndroidManifest.xml:20:9-121
	android:value
		ADDED from [com.google.android.gms:play-services-basement:11.0.1] AndroidManifest.xml:20:66-119
	android:name
		ADDED from [com.google.android.gms:play-services-basement:11.0.1] AndroidManifest.xml:20:20-65